2025-04-11 12:02:00,360 [INFO] Starting system monitoring for 300 seconds
2025-04-11 12:02:00,637 [INFO] [2025-04-11 12:02:00] CPU: 10.7%, Memory: 76.4%, Available Memory: 3804.69MB, Swap: 4.3%
2025-04-11 12:02:05,475 [INFO] [2025-04-11 12:02:05] CPU: 17.2%, Memory: 76.4%, Available Memory: 3803.33MB, Swap: 4.3%
2025-04-11 12:02:10,483 [INFO] [2025-04-11 12:02:10] CPU: 7.5%, Memory: 76.6%, Available Memory: 3762.09MB, Swap: 4.3%
2025-04-11 12:02:11,100 [INFO] Monitoring interrupted.
2025-04-11 12:02:11,100 [INFO] === Summary Statistics ===
2025-04-11 12:02:11,100 [INFO] Average CPU Usage: 11.8%
2025-04-11 12:02:11,100 [INFO] Maximum CPU Usage: 17.2%
2025-04-11 12:02:11,100 [INFO] Average Memory Usage: 76.5%
2025-04-11 12:02:11,103 [INFO] Maximum Memory Usage: 76.6%
2025-04-11 12:02:11,103 [INFO] Minimum Available Memory: 3762.09MB
2025-04-11 12:02:36,611 [INFO] Starting system monitoring for 300 seconds
2025-04-11 12:02:36,870 [INFO] [2025-04-11 12:02:36] CPU: 6.5%, Memory: 73.0%, Available Memory: 4342.13MB, Swap: 4.5%
2025-04-11 12:02:41,724 [INFO] [2025-04-11 12:02:41] CPU: 21.9%, Memory: 72.9%, Available Memory: 4365.87MB, Swap: 4.5%
2025-04-11 12:02:46,741 [INFO] [2025-04-11 12:02:46] CPU: 5.2%, Memory: 73.0%, Available Memory: 4343.43MB, Swap: 4.5%
2025-04-11 12:02:51,725 [INFO] [2025-04-11 12:02:51] CPU: 16.3%, Memory: 73.1%, Available Memory: 4325.09MB, Swap: 4.5%
2025-04-11 12:02:56,724 [INFO] [2025-04-11 12:02:56] CPU: 23.2%, Memory: 72.5%, Available Memory: 4419.45MB, Swap: 4.5%
2025-04-11 12:03:01,726 [INFO] [2025-04-11 12:03:01] CPU: 10.0%, Memory: 72.5%, Available Memory: 4432.08MB, Swap: 4.5%
2025-04-11 12:03:06,731 [INFO] [2025-04-11 12:03:06] CPU: 5.5%, Memory: 72.3%, Available Memory: 4463.95MB, Swap: 4.5%
2025-04-11 12:03:08,814 [INFO] Monitoring interrupted.
2025-04-11 12:03:08,814 [INFO] === Summary Statistics ===
2025-04-11 12:03:08,814 [INFO] Average CPU Usage: 12.7%
2025-04-11 12:03:08,814 [INFO] Maximum CPU Usage: 23.2%
2025-04-11 12:03:08,814 [INFO] Average Memory Usage: 72.8%
2025-04-11 12:03:08,815 [INFO] Maximum Memory Usage: 73.1%
2025-04-11 12:03:08,815 [INFO] Minimum Available Memory: 4325.09MB
2025-04-11 12:03:48,363 [INFO] Starting system monitoring for 300 seconds
2025-04-11 12:03:48,677 [INFO] [2025-04-11 12:03:48] CPU: 24.5%, Memory: 73.4%, Available Memory: 4285.52MB, Swap: 4.5%
2025-04-11 12:03:53,473 [INFO] [2025-04-11 12:03:53] CPU: 9.7%, Memory: 73.2%, Available Memory: 4312.30MB, Swap: 4.5%
2025-04-11 12:03:58,480 [INFO] [2025-04-11 12:03:58] CPU: 2.2%, Memory: 73.2%, Available Memory: 4313.98MB, Swap: 4.5%
2025-04-11 12:04:03,478 [INFO] [2025-04-11 12:04:03] CPU: 6.8%, Memory: 73.1%, Available Memory: 4332.66MB, Swap: 4.5%
2025-04-11 12:04:08,477 [INFO] [2025-04-11 12:04:08] CPU: 11.1%, Memory: 73.1%, Available Memory: 4330.56MB, Swap: 4.5%
2025-04-11 12:04:13,476 [INFO] [2025-04-11 12:04:13] CPU: 14.0%, Memory: 73.2%, Available Memory: 4312.70MB, Swap: 4.5%
2025-04-11 12:04:18,487 [INFO] [2025-04-11 12:04:18] CPU: 12.0%, Memory: 72.6%, Available Memory: 4414.38MB, Swap: 4.5%
2025-04-11 12:04:23,490 [INFO] [2025-04-11 12:04:23] CPU: 6.8%, Memory: 72.4%, Available Memory: 4442.57MB, Swap: 4.5%
2025-04-11 12:04:28,487 [INFO] [2025-04-11 12:04:28] CPU: 6.8%, Memory: 72.2%, Available Memory: 4476.28MB, Swap: 4.5%
2025-04-11 12:04:33,492 [INFO] [2025-04-11 12:04:33] CPU: 13.9%, Memory: 72.2%, Available Memory: 4474.50MB, Swap: 4.5%
2025-04-11 12:04:38,493 [INFO] [2025-04-11 12:04:38] CPU: 4.9%, Memory: 72.1%, Available Memory: 4488.70MB, Swap: 4.5%
2025-04-11 12:04:43,480 [INFO] [2025-04-11 12:04:43] CPU: 14.1%, Memory: 72.5%, Available Memory: 4421.89MB, Swap: 4.5%
2025-04-11 12:04:48,481 [INFO] [2025-04-11 12:04:48] CPU: 7.3%, Memory: 72.4%, Available Memory: 4447.73MB, Swap: 4.5%
2025-04-11 12:04:53,486 [INFO] [2025-04-11 12:04:53] CPU: 5.1%, Memory: 72.0%, Available Memory: 4503.18MB, Swap: 4.5%
2025-04-11 12:04:58,484 [INFO] [2025-04-11 12:04:58] CPU: 7.4%, Memory: 72.1%, Available Memory: 4481.63MB, Swap: 4.5%
2025-04-11 12:05:03,487 [INFO] [2025-04-11 12:05:03] CPU: 11.6%, Memory: 72.2%, Available Memory: 4476.53MB, Swap: 4.5%
2025-04-11 12:05:08,492 [INFO] [2025-04-11 12:05:08] CPU: 2.3%, Memory: 72.1%, Available Memory: 4487.43MB, Swap: 4.5%
2025-04-11 12:05:13,485 [INFO] [2025-04-11 12:05:13] CPU: 7.7%, Memory: 72.2%, Available Memory: 4466.62MB, Swap: 4.5%
2025-04-11 12:05:18,495 [INFO] [2025-04-11 12:05:18] CPU: 19.1%, Memory: 72.1%, Available Memory: 4486.87MB, Swap: 4.5%
2025-04-11 12:05:23,488 [INFO] [2025-04-11 12:05:23] CPU: 9.0%, Memory: 72.1%, Available Memory: 4485.66MB, Swap: 4.5%
2025-04-11 12:05:28,485 [INFO] [2025-04-11 12:05:28] CPU: 15.3%, Memory: 72.1%, Available Memory: 4482.77MB, Swap: 4.5%
2025-04-11 12:05:33,496 [INFO] [2025-04-11 12:05:33] CPU: 17.1%, Memory: 72.0%, Available Memory: 4502.22MB, Swap: 4.5%
2025-04-11 12:05:38,491 [INFO] [2025-04-11 12:05:38] CPU: 14.8%, Memory: 72.1%, Available Memory: 4492.38MB, Swap: 4.5%
2025-04-11 12:05:43,490 [INFO] [2025-04-11 12:05:43] CPU: 6.9%, Memory: 71.8%, Available Memory: 4532.79MB, Swap: 4.5%
2025-04-11 12:05:48,504 [INFO] [2025-04-11 12:05:48] CPU: 14.7%, Memory: 71.9%, Available Memory: 4523.49MB, Swap: 4.5%
2025-04-11 12:05:53,493 [INFO] [2025-04-11 12:05:53] CPU: 1.9%, Memory: 72.1%, Available Memory: 4485.14MB, Swap: 4.5%
2025-04-11 12:05:58,498 [INFO] [2025-04-11 12:05:58] CPU: 3.0%, Memory: 72.6%, Available Memory: 4415.88MB, Swap: 4.5%
2025-04-11 12:06:03,498 [INFO] [2025-04-11 12:06:03] CPU: 8.2%, Memory: 72.2%, Available Memory: 4467.70MB, Swap: 4.5%
2025-04-11 12:06:08,498 [INFO] [2025-04-11 12:06:08] CPU: 16.9%, Memory: 72.1%, Available Memory: 4488.56MB, Swap: 4.5%
2025-04-11 12:06:13,495 [INFO] [2025-04-11 12:06:13] CPU: 7.0%, Memory: 72.9%, Available Memory: 4360.48MB, Swap: 4.5%
2025-04-11 12:06:18,517 [INFO] [2025-04-11 12:06:18] CPU: 15.9%, Memory: 72.7%, Available Memory: 4389.83MB, Swap: 4.5%
2025-04-11 12:06:23,511 [INFO] [2025-04-11 12:06:23] CPU: 13.3%, Memory: 72.5%, Available Memory: 4424.20MB, Swap: 4.5%
2025-04-11 12:06:28,519 [INFO] [2025-04-11 12:06:28] CPU: 16.2%, Memory: 73.0%, Available Memory: 4340.23MB, Swap: 4.5%
2025-04-11 12:06:33,500 [INFO] [2025-04-11 12:06:33] CPU: 14.0%, Memory: 72.7%, Available Memory: 4392.64MB, Swap: 4.5%
2025-04-11 12:06:38,505 [INFO] [2025-04-11 12:06:38] CPU: 16.9%, Memory: 72.7%, Available Memory: 4392.54MB, Swap: 4.5%
2025-04-11 12:06:43,559 [INFO] [2025-04-11 12:06:43] CPU: 9.7%, Memory: 72.9%, Available Memory: 4358.53MB, Swap: 4.5%
2025-04-11 12:06:48,531 [INFO] [2025-04-11 12:06:48] CPU: 15.4%, Memory: 72.1%, Available Memory: 4495.17MB, Swap: 4.5%
2025-04-11 12:06:53,508 [INFO] [2025-04-11 12:06:53] CPU: 18.6%, Memory: 72.0%, Available Memory: 4498.08MB, Swap: 4.5%
2025-04-11 12:06:58,509 [INFO] [2025-04-11 12:06:58] CPU: 37.4%, Memory: 72.1%, Available Memory: 4482.79MB, Swap: 4.5%
2025-04-11 12:07:03,505 [INFO] [2025-04-11 12:07:03] CPU: 10.4%, Memory: 72.4%, Available Memory: 4442.43MB, Swap: 4.5%
2025-04-11 12:07:08,555 [INFO] [2025-04-11 12:07:08] CPU: 7.5%, Memory: 72.0%, Available Memory: 4501.45MB, Swap: 4.5%
2025-04-11 12:07:13,515 [INFO] [2025-04-11 12:07:13] CPU: 28.6%, Memory: 71.5%, Available Memory: 4581.45MB, Swap: 4.5%
2025-04-11 12:07:18,517 [INFO] [2025-04-11 12:07:18] CPU: 15.4%, Memory: 70.9%, Available Memory: 4674.41MB, Swap: 4.5%
2025-04-11 12:07:23,511 [INFO] [2025-04-11 12:07:23] CPU: 14.4%, Memory: 71.6%, Available Memory: 4567.17MB, Swap: 4.5%
2025-04-11 12:07:28,521 [INFO] [2025-04-11 12:07:28] CPU: 6.0%, Memory: 71.6%, Available Memory: 4568.46MB, Swap: 4.5%
2025-04-11 12:07:33,528 [INFO] [2025-04-11 12:07:33] CPU: 24.6%, Memory: 71.9%, Available Memory: 4513.44MB, Swap: 4.5%
2025-04-11 12:07:38,516 [INFO] [2025-04-11 12:07:38] CPU: 6.1%, Memory: 71.4%, Available Memory: 4602.25MB, Swap: 4.5%
2025-04-11 12:07:43,518 [INFO] [2025-04-11 12:07:43] CPU: 16.5%, Memory: 71.5%, Available Memory: 4592.57MB, Swap: 4.5%
2025-04-11 12:07:48,518 [INFO] [2025-04-11 12:07:48] CPU: 8.5%, Memory: 71.8%, Available Memory: 4535.21MB, Swap: 4.5%
2025-04-11 12:07:53,514 [INFO] [2025-04-11 12:07:53] CPU: 9.7%, Memory: 71.6%, Available Memory: 4566.19MB, Swap: 4.5%
2025-04-11 12:07:58,530 [INFO] [2025-04-11 12:07:58] CPU: 8.5%, Memory: 71.0%, Available Memory: 4666.52MB, Swap: 4.5%
2025-04-11 12:08:03,538 [INFO] [2025-04-11 12:08:03] CPU: 10.1%, Memory: 71.0%, Available Memory: 4666.94MB, Swap: 4.5%
2025-04-11 12:08:08,579 [INFO] [2025-04-11 12:08:08] CPU: 9.0%, Memory: 71.0%, Available Memory: 4672.27MB, Swap: 4.5%
2025-04-11 12:08:13,527 [INFO] [2025-04-11 12:08:13] CPU: 26.7%, Memory: 71.3%, Available Memory: 4613.62MB, Swap: 4.5%
2025-04-11 12:08:18,570 [INFO] [2025-04-11 12:08:18] CPU: 4.9%, Memory: 71.3%, Available Memory: 4610.70MB, Swap: 4.5%
2025-04-11 12:08:23,527 [INFO] [2025-04-11 12:08:23] CPU: 36.5%, Memory: 71.2%, Available Memory: 4626.70MB, Swap: 4.5%
2025-04-11 12:08:28,525 [INFO] [2025-04-11 12:08:28] CPU: 8.2%, Memory: 71.4%, Available Memory: 4601.66MB, Swap: 4.5%
2025-04-11 12:08:33,537 [INFO] [2025-04-11 12:08:33] CPU: 8.8%, Memory: 71.4%, Available Memory: 4593.70MB, Swap: 4.5%
2025-04-11 12:08:38,531 [INFO] [2025-04-11 12:08:38] CPU: 16.5%, Memory: 71.4%, Available Memory: 4597.41MB, Swap: 4.5%
2025-04-11 12:08:43,527 [INFO] [2025-04-11 12:08:43] CPU: 6.0%, Memory: 71.5%, Available Memory: 4583.87MB, Swap: 4.5%
2025-04-11 12:08:48,411 [INFO] === Summary Statistics ===
2025-04-11 12:08:48,414 [INFO] Average CPU Usage: 12.4%
2025-04-11 12:08:48,417 [INFO] Maximum CPU Usage: 37.4%
2025-04-11 12:08:48,420 [INFO] Average Memory Usage: 72.1%
2025-04-11 12:08:48,424 [INFO] Maximum Memory Usage: 73.4%
2025-04-11 12:08:48,428 [INFO] Minimum Available Memory: 4285.52MB
